<?xml version="1.0" encoding="utf-8" standalone="no"?>
<!--This file represents the results of running a test suite-->
<test-results name="C:\Users\JWC\Documents\GitHub\Strikethrough\Strikethrough\bin\Strikethrough.dll" total="7" errors="0" failures="0" not-run="0" inconclusive="0" ignored="0" skipped="0" invalid="0" date="2013-03-27" time="23:40:49">
  <environment nunit-version="2.6.2.12296" clr-version="2.0.50727.5466" os-version="Microsoft Windows NT 6.1.7601 Service Pack 1" platform="Win32NT" cwd="C:\Program Files (x86)\NUnit 2.6.2\bin" machine-name="JWC-PC" user="JWC" user-domain="JWC-PC" />
  <culture-info current-culture="en-US" current-uiculture="en-US" />
  <test-suite type="Assembly" name="C:\Users\JWC\Documents\GitHub\Strikethrough\Strikethrough\bin\Strikethrough.dll" executed="True" result="Success" success="True" time="1.717" asserts="0">
    <results>
      <test-suite type="Namespace" name="Strikethrough" executed="True" result="Success" success="True" time="1.691" asserts="0">
        <results>
          <test-suite type="Namespace" name="Developers" executed="True" result="Success" success="True" time="1.690" asserts="0">
            <results>
              <test-suite type="Namespace" name="NUnit" executed="True" result="Success" success="True" time="1.690" asserts="0">
                <results>
                  <test-suite type="TestFixture" name="Test_WebService_SystemNetService" executed="True" result="Success" success="True" time="1.687" asserts="0">
                    <results>
                      <test-case name="Strikethrough.Developers.NUnit.Test_WebService_SystemNetService.IsAreaCode" executed="True" result="Success" success="True" time="1.216" asserts="1" />
                      <test-case name="Strikethrough.Developers.NUnit.Test_WebService_SystemNetService.IsCity" executed="True" result="Success" success="True" time="0.074" asserts="1" />
                      <test-case name="Strikethrough.Developers.NUnit.Test_WebService_SystemNetService.IsCountryCode" executed="True" result="Success" success="True" time="0.069" asserts="1" />
                      <test-case name="Strikethrough.Developers.NUnit.Test_WebService_SystemNetService.IsCountryName" executed="True" result="Success" success="True" time="0.071" asserts="1" />
                      <test-case name="Strikethrough.Developers.NUnit.Test_WebService_SystemNetService.IsRegionCode" executed="True" result="Success" success="True" time="0.070" asserts="1" />
                      <test-case name="Strikethrough.Developers.NUnit.Test_WebService_SystemNetService.IsRegionName" executed="True" result="Success" success="True" time="0.071" asserts="1" />
                      <test-case name="Strikethrough.Developers.NUnit.Test_WebService_SystemNetService.IsZip" executed="True" result="Success" success="True" time="0.069" asserts="1" />
                    </results>
                  </test-suite>
                </results>
              </test-suite>
            </results>
          </test-suite>
        </results>
      </test-suite>
    </results>
  </test-suite>
</test-results>