<?xml version="1.0" encoding="utf-8" standalone="no"?>
<!--This file represents the results of running a test suite-->
<test-results name="C:\git\James\Strikethrough\bin\Strikethrough.dll" total="1" errors="1" failures="0" not-run="0" inconclusive="0" ignored="0" skipped="0" invalid="0" date="2013-05-09" time="01:51:53">
  <environment nunit-version="2.6.2.12296" clr-version="2.0.50727.5466" os-version="Microsoft Windows NT 6.1.7601 Service Pack 1" platform="Win32NT" cwd="C:\Program Files (x86)\NUnit 2.6.2\bin" machine-name="JWC-PC" user="JWC" user-domain="JWC-PC" />
  <culture-info current-culture="en-US" current-uiculture="en-US" />
  <test-suite type="Assembly" name="C:\git\James\Strikethrough\bin\Strikethrough.dll" executed="True" result="Failure" success="False" time="0.006" asserts="0">
    <results>
      <test-suite type="Namespace" name="Strikethrough" executed="True" result="Failure" success="False" time="0.005" asserts="0">
        <results>
          <test-suite type="Namespace" name="Developers" executed="True" result="Failure" success="False" time="0.005" asserts="0">
            <results>
              <test-suite type="Namespace" name="NUnit" executed="True" result="Failure" success="False" time="0.005" asserts="0">
                <results>
                  <test-suite type="TestFixture" name="Test_WebService_CanvasService" executed="True" result="Failure" success="False" time="0.004" asserts="0">
                    <results>
                      <test-case name="Strikethrough.Developers.NUnit.Test_WebService_CanvasService.GetTable" executed="True" result="Error" success="False" time="0.002" asserts="0">
                        <failure>
                          <message><![CDATA[System.NullReferenceException : Object reference not set to an instance of an object.]]></message>
                          <stack-trace><![CDATA[at Strikethrough.Assets.WebServices.DataHandler.Connect() in c:\git\James\Strikethrough\Assets\WebServices\DataHandler.asmx.cs:line 82
at Strikethrough.Assets.WebServices.DataHandler.GetDataTable(String query) in c:\git\James\Strikethrough\Assets\WebServices\DataHandler.asmx.cs:line 60
at Strikethrough.Assets.WebServices.CanvasService.GetTable(String userId, String tableId) in c:\git\James\Strikethrough\Assets\WebServices\CanvasService.asmx.cs:line 36
at Strikethrough.Developers.NUnit.Test_WebService_CanvasService.GetTable() in c:\git\James\Strikethrough\Developers\NUnit\Test-WebService-CanvasService.cs:line 21
]]></stack-trace>
                        </failure>
                      </test-case>
                    </results>
                  </test-suite>
                </results>
              </test-suite>
            </results>
          </test-suite>
        </results>
      </test-suite>
    </results>
  </test-suite>
</test-results>