<?xml version="1.0" encoding="utf-8" standalone="no"?>
<!--This file represents the results of running a test suite-->
<test-results name="C:\Users\JWC\Documents\GitHub\Strikethrough\Strikethrough\bin\Strikethrough.dll" total="1" errors="1" failures="0" not-run="0" inconclusive="0" ignored="0" skipped="0" invalid="0" date="2013-03-12" time="22:34:02">
  <environment nunit-version="2.6.2.12296" clr-version="2.0.50727.5466" os-version="Microsoft Windows NT 6.1.7601 Service Pack 1" platform="Win32NT" cwd="C:\Program Files (x86)\NUnit 2.6.2\bin" machine-name="JWC-PC" user="JWC" user-domain="JWC-PC" />
  <culture-info current-culture="en-US" current-uiculture="en-US" />
  <test-suite type="Assembly" name="C:\Users\JWC\Documents\GitHub\Strikethrough\Strikethrough\bin\Strikethrough.dll" executed="True" result="Failure" success="False" time="0.384" asserts="0">
    <results>
      <test-suite type="Namespace" name="Strikethrough" executed="True" result="Failure" success="False" time="0.361" asserts="0">
        <results>
          <test-suite type="Namespace" name="Developers" executed="True" result="Failure" success="False" time="0.361" asserts="0">
            <results>
              <test-suite type="Namespace" name="NUnit" executed="True" result="Failure" success="False" time="0.360" asserts="0">
                <results>
                  <test-suite type="TestFixture" name="Test_WebService_DataHandler" executed="True" result="Failure" success="False" time="0.358" asserts="0">
                    <results>
                      <test-case name="Strikethrough.Developers.NUnit.Test_WebService_DataHandler.IsResultDataTable" executed="True" result="Error" success="False" time="0.340" asserts="0">
                        <failure>
                          <message><![CDATA[System.NullReferenceException : Object reference not set to an instance of an object.]]></message>
                          <stack-trace><![CDATA[at System.Object.GetType()
at Strikethrough.Developers.NUnit.Test_WebService_DataHandler.IsResultDataTable() in c:\Users\JWC\Documents\GitHub\Strikethrough\Strikethrough\Developers\NUnit\Test-WebService-DataHandler.cs:line 23
]]></stack-trace>
                        </failure>
                      </test-case>
                    </results>
                  </test-suite>
                </results>
              </test-suite>
            </results>
          </test-suite>
        </results>
      </test-suite>
    </results>
  </test-suite>
</test-results>