<?xml version="1.0" encoding="utf-8" standalone="no"?>
<!--This file represents the results of running a test suite-->
<test-results name="C:\Users\JWC\Documents\GitHub\Strikethrough\Strikethrough\bin\Strikethrough.dll" total="8" errors="1" failures="0" not-run="0" inconclusive="0" ignored="0" skipped="0" invalid="0" date="2013-04-13" time="02:03:12">
  <environment nunit-version="2.6.2.12296" clr-version="2.0.50727.5466" os-version="Microsoft Windows NT 6.1.7601 Service Pack 1" platform="Win32NT" cwd="C:\Program Files (x86)\NUnit 2.6.2\bin" machine-name="JWC-PC" user="JWC" user-domain="JWC-PC" />
  <culture-info current-culture="en-US" current-uiculture="en-US" />
  <test-suite type="Assembly" name="C:\Users\JWC\Documents\GitHub\Strikethrough\Strikethrough\bin\Strikethrough.dll" executed="True" result="Failure" success="False" time="1.973" asserts="0">
    <results>
      <test-suite type="Namespace" name="Strikethrough" executed="True" result="Failure" success="False" time="1.951" asserts="0">
        <results>
          <test-suite type="Namespace" name="Assets" executed="True" result="Failure" success="False" time="0.334" asserts="0">
            <results>
              <test-suite type="Namespace" name="WebServices" executed="True" result="Failure" success="False" time="0.334" asserts="0">
                <results>
                  <test-suite type="TestFixture" name="GroupService" executed="True" result="Failure" success="False" time="0.332" asserts="0">
                    <results>
                      <test-case name="Strikethrough.Assets.WebServices.GroupService.Test_CreateGroup" executed="True" result="Error" success="False" time="0.315" asserts="0">
                        <failure>
                          <message><![CDATA[System.NullReferenceException : Object reference not set to an instance of an object.
TearDown : System.NullReferenceException : Object reference not set to an instance of an object.]]></message>
                          <stack-trace><![CDATA[at Strikethrough.Assets.WebServices.DataHandler.Connect() in c:\Users\JWC\Documents\GitHub\Strikethrough\Strikethrough\Assets\WebServices\DataHandler.asmx.cs:line 82
at Strikethrough.Assets.WebServices.DataHandler.ExecuteScalar(String query) in c:\Users\JWC\Documents\GitHub\Strikethrough\Strikethrough\Assets\WebServices\DataHandler.asmx.cs:line 44
at Strikethrough.Assets.WebServices.GroupService.Test_CreateGroup() in c:\Users\JWC\Documents\GitHub\Strikethrough\Strikethrough\Assets\WebServices\GroupService.asmx.cs:line 134
--TearDown
at Strikethrough.Assets.WebServices.DataHandler.Connect() in c:\Users\JWC\Documents\GitHub\Strikethrough\Strikethrough\Assets\WebServices\DataHandler.asmx.cs:line 82
at Strikethrough.Assets.WebServices.DataHandler.ExecuteNonQuery(String command) in c:\Users\JWC\Documents\GitHub\Strikethrough\Strikethrough\Assets\WebServices\DataHandler.asmx.cs:line 28
at Strikethrough.Assets.WebServices.GroupService.Test_TearDown() in c:\Users\JWC\Documents\GitHub\Strikethrough\Strikethrough\Assets\WebServices\GroupService.asmx.cs:line 148
]]></stack-trace>
                        </failure>
                      </test-case>
                    </results>
                  </test-suite>
                </results>
              </test-suite>
            </results>
          </test-suite>
          <test-suite type="Namespace" name="Developers" executed="True" result="Success" success="True" time="1.567" asserts="0">
            <results>
              <test-suite type="Namespace" name="NUnit" executed="True" result="Success" success="True" time="1.567" asserts="0">
                <results>
                  <test-suite type="TestFixture" name="Test_WebService_SystemNetService" executed="True" result="Success" success="True" time="1.566" asserts="0">
                    <results>
                      <test-case name="Strikethrough.Developers.NUnit.Test_WebService_SystemNetService.IsAreaCode" executed="True" result="Success" success="True" time="1.095" asserts="1" />
                      <test-case name="Strikethrough.Developers.NUnit.Test_WebService_SystemNetService.IsCity" executed="True" result="Success" success="True" time="0.087" asserts="1" />
                      <test-case name="Strikethrough.Developers.NUnit.Test_WebService_SystemNetService.IsCountryCode" executed="True" result="Success" success="True" time="0.075" asserts="1" />
                      <test-case name="Strikethrough.Developers.NUnit.Test_WebService_SystemNetService.IsCountryName" executed="True" result="Success" success="True" time="0.068" asserts="1" />
                      <test-case name="Strikethrough.Developers.NUnit.Test_WebService_SystemNetService.IsRegionCode" executed="True" result="Success" success="True" time="0.074" asserts="1" />
                      <test-case name="Strikethrough.Developers.NUnit.Test_WebService_SystemNetService.IsRegionName" executed="True" result="Success" success="True" time="0.075" asserts="1" />
                      <test-case name="Strikethrough.Developers.NUnit.Test_WebService_SystemNetService.IsZip" executed="True" result="Success" success="True" time="0.071" asserts="1" />
                    </results>
                  </test-suite>
                </results>
              </test-suite>
            </results>
          </test-suite>
        </results>
      </test-suite>
    </results>
  </test-suite>
</test-results>